nohup: 忽略输入
<frozen site>:101: RuntimeWarning: Unexpected value in sys.prefix, expected /home/bai/project/.venv, got /home/bai/project/heritage_display/../.venv
<frozen site>:101: RuntimeWarning: Unexpected value in sys.exec_prefix, expected /home/bai/project/.venv, got /home/bai/project/heritage_display/../.venv
Watching for file changes with StatReloader
[14/Dec/2025 18:35:47] "GET /crawl/status/18/ HTTP/1.1" 200 153
[14/Dec/2025 18:35:49] "GET /crawl/status/18/ HTTP/1.1" 200 153
[14/Dec/2025 18:35:51] "GET /crawl/status/18/ HTTP/1.1" 200 153
[14/Dec/2025 18:35:53] "GET /crawl/status/18/ HTTP/1.1" 200 153
[14/Dec/2025 18:35:54] "GET /?search=&country=&category= HTTP/1.1" 200 53237
[14/Dec/2025 18:35:54] "GET /static/sites/js/crawl_control.js?v=12 HTTP/1.1" 200 9910
[14/Dec/2025 18:35:54] "GET /static/sites/css/list_page.css HTTP/1.1" 200 7025
Not Found: /.well-known/appspecific/com.chrome.devtools.json
[14/Dec/2025 18:35:54] "GET /.well-known/appspecific/com.chrome.devtools.json HTTP/1.1" 404 4247
[14/Dec/2025 18:35:56] "GET /crawl/active-full/ HTTP/1.1" 200 36
[14/Dec/2025 18:35:58] "GET /crawl/status/18/ HTTP/1.1" 200 153
Not Found: /favicon.ico
[14/Dec/2025 18:35:59] "GET /favicon.ico HTTP/1.1" 404 4136
[14/Dec/2025 18:36:00] "GET /crawl/status/18/ HTTP/1.1" 200 153
[14/Dec/2025 18:36:02] "GET /crawl/status/18/ HTTP/1.1" 200 153
[14/Dec/2025 18:36:04] "GET /crawl/status/18/ HTTP/1.1" 200 153
[14/Dec/2025 18:36:04] "POST /crawl/stop-all/ HTTP/1.1" 200 21
[14/Dec/2025 18:36:06] "GET /?search=&country=&category= HTTP/1.1" 200 53237
Not Found: /.well-known/appspecific/com.chrome.devtools.json
[14/Dec/2025 18:36:06] "GET /.well-known/appspecific/com.chrome.devtools.json HTTP/1.1" 404 4247
[14/Dec/2025 18:36:06] "GET /crawl/active-full/ HTTP/1.1" 200 35
[14/Dec/2025 18:36:28] "GET /?search=&country=&category= HTTP/1.1" 200 53237
Not Found: /.well-known/appspecific/com.chrome.devtools.json
[14/Dec/2025 18:36:28] "GET /.well-known/appspecific/com.chrome.devtools.json HTTP/1.1" 404 4247
[14/Dec/2025 18:36:29] "GET /crawl/active-full/ HTTP/1.1" 200 35
[14/Dec/2025 18:36:30] "POST /crawl/start-full/ HTTP/1.1" 200 35
[14/Dec/2025 18:36:33] "GET /crawl/status/19/ HTTP/1.1" 200 150
[14/Dec/2025 18:36:35] "GET /crawl/status/19/ HTTP/1.1" 200 150
[14/Dec/2025 18:36:37] "GET /crawl/status/19/ HTTP/1.1" 200 150
[14/Dec/2025 18:36:39] "GET /crawl/status/19/ HTTP/1.1" 200 150
[14/Dec/2025 18:36:41] "GET /crawl/status/19/ HTTP/1.1" 200 153
[14/Dec/2025 18:36:43] "GET /crawl/status/19/ HTTP/1.1" 200 153
[14/Dec/2025 18:36:45] "GET /crawl/status/19/ HTTP/1.1" 200 153
[14/Dec/2025 18:36:47] "GET /crawl/status/19/ HTTP/1.1" 200 153
[14/Dec/2025 18:36:49] "GET /crawl/status/19/ HTTP/1.1" 200 153
[14/Dec/2025 18:36:51] "GET /crawl/status/19/ HTTP/1.1" 200 153
[14/Dec/2025 18:36:53] "GET /crawl/status/19/ HTTP/1.1" 200 153
[14/Dec/2025 18:36:55] "GET /crawl/status/19/ HTTP/1.1" 200 153
[14/Dec/2025 18:36:57] "GET /crawl/status/19/ HTTP/1.1" 200 153
[14/Dec/2025 18:36:59] "GET /crawl/status/19/ HTTP/1.1" 200 153
[14/Dec/2025 18:37:01] "GET /crawl/status/19/ HTTP/1.1" 200 153
[14/Dec/2025 18:37:03] "GET /crawl/status/19/ HTTP/1.1" 200 153
[14/Dec/2025 18:37:05] "GET /crawl/status/19/ HTTP/1.1" 200 153
[14/Dec/2025 18:37:07] "GET /crawl/status/19/ HTTP/1.1" 200 153
[14/Dec/2025 18:37:09] "GET /crawl/status/19/ HTTP/1.1" 200 153
[14/Dec/2025 18:37:11] "GET /crawl/status/19/ HTTP/1.1" 200 153
[14/Dec/2025 18:37:13] "GET /crawl/status/19/ HTTP/1.1" 200 153
[14/Dec/2025 18:37:15] "GET /crawl/status/19/ HTTP/1.1" 200 153
[14/Dec/2025 18:37:17] "GET /crawl/status/19/ HTTP/1.1" 200 153
[14/Dec/2025 18:37:19] "GET /crawl/status/19/ HTTP/1.1" 200 153
[14/Dec/2025 18:37:21] "GET /crawl/status/19/ HTTP/1.1" 200 153
[14/Dec/2025 18:37:23] "GET /crawl/status/19/ HTTP/1.1" 200 153
[14/Dec/2025 18:37:25] "GET /crawl/status/19/ HTTP/1.1" 200 153
[14/Dec/2025 18:37:27] "GET /crawl/status/19/ HTTP/1.1" 200 153
[14/Dec/2025 18:37:28] "GET /?search=&country=&category= HTTP/1.1" 200 53237
Not Found: /.well-known/appspecific/com.chrome.devtools.json
[14/Dec/2025 18:37:28] "GET /.well-known/appspecific/com.chrome.devtools.json HTTP/1.1" 404 4247
[14/Dec/2025 18:37:28] "GET /static/sites/js/crawl_control.js?v=12 HTTP/1.1" 304 0
[14/Dec/2025 18:37:29] "GET /crawl/active-full/ HTTP/1.1" 200 36
[14/Dec/2025 18:37:31] "GET /crawl/status/19/ HTTP/1.1" 200 153
[14/Dec/2025 18:37:33] "GET /crawl/status/19/ HTTP/1.1" 200 153
[14/Dec/2025 18:37:35] "GET /crawl/status/19/ HTTP/1.1" 200 153
[14/Dec/2025 18:37:37] "GET /crawl/status/19/ HTTP/1.1" 200 153
[14/Dec/2025 18:37:39] "GET /crawl/status/19/ HTTP/1.1" 200 153
[14/Dec/2025 18:37:41] "GET /crawl/status/19/ HTTP/1.1" 200 153
[14/Dec/2025 18:37:43] "GET /crawl/status/19/ HTTP/1.1" 200 153
[14/Dec/2025 18:37:45] "GET /crawl/status/19/ HTTP/1.1" 200 153
[14/Dec/2025 18:37:47] "GET /crawl/status/19/ HTTP/1.1" 200 153
[14/Dec/2025 18:37:49] "GET /crawl/status/19/ HTTP/1.1" 200 153
[14/Dec/2025 18:37:51] "GET /crawl/status/19/ HTTP/1.1" 200 153
[14/Dec/2025 18:37:53] "GET /crawl/status/19/ HTTP/1.1" 200 153
[14/Dec/2025 18:37:55] "GET /crawl/status/19/ HTTP/1.1" 200 153
[14/Dec/2025 18:37:57] "GET /crawl/status/19/ HTTP/1.1" 200 153
[14/Dec/2025 18:37:59] "GET /crawl/status/19/ HTTP/1.1" 200 153
[14/Dec/2025 18:38:01] "GET /crawl/status/19/ HTTP/1.1" 200 153
[14/Dec/2025 18:38:03] "GET /crawl/status/19/ HTTP/1.1" 200 153
[14/Dec/2025 18:38:05] "GET /crawl/status/19/ HTTP/1.1" 200 153
[14/Dec/2025 18:38:07] "GET /crawl/status/19/ HTTP/1.1" 200 153
[14/Dec/2025 18:38:09] "GET /crawl/status/19/ HTTP/1.1" 200 153
[14/Dec/2025 18:38:11] "GET /crawl/status/19/ HTTP/1.1" 200 153
[14/Dec/2025 18:38:13] "GET /crawl/status/19/ HTTP/1.1" 200 153
[14/Dec/2025 18:38:15] "GET /crawl/status/19/ HTTP/1.1" 200 153
[14/Dec/2025 18:38:17] "GET /crawl/status/19/ HTTP/1.1" 200 153
[14/Dec/2025 18:38:19] "GET /crawl/status/19/ HTTP/1.1" 200 153
[14/Dec/2025 18:38:21] "GET /crawl/status/19/ HTTP/1.1" 200 153
[14/Dec/2025 18:38:23] "GET /crawl/status/19/ HTTP/1.1" 200 153
[14/Dec/2025 18:38:25] "GET /crawl/status/19/ HTTP/1.1" 200 153
[14/Dec/2025 18:38:27] "GET /crawl/status/19/ HTTP/1.1" 200 153
[14/Dec/2025 18:38:29] "GET /crawl/status/19/ HTTP/1.1" 200 153
[14/Dec/2025 18:38:31] "GET /crawl/status/19/ HTTP/1.1" 200 153
[14/Dec/2025 18:38:33] "GET /crawl/status/19/ HTTP/1.1" 200 153
[14/Dec/2025 18:38:35] "GET /crawl/status/19/ HTTP/1.1" 200 153
[14/Dec/2025 18:38:37] "GET /crawl/status/19/ HTTP/1.1" 200 153
[14/Dec/2025 18:38:39] "GET /crawl/status/19/ HTTP/1.1" 200 153
Not Found: /crawl/status/19/
[14/Dec/2025 18:38:41] "GET /crawl/status/19/ HTTP/1.1" 404 3789
Not Found: /crawl/status/19/
[14/Dec/2025 18:38:43] "GET /crawl/status/19/ HTTP/1.1" 404 3789
Not Found: /crawl/status/19/
[14/Dec/2025 18:38:45] "GET /crawl/status/19/ HTTP/1.1" 404 3789
Not Found: /crawl/status/19/
[14/Dec/2025 18:38:47] "GET /crawl/status/19/ HTTP/1.1" 404 3789
Not Found: /crawl/status/19/
[14/Dec/2025 18:38:49] "GET /crawl/status/19/ HTTP/1.1" 404 3789
Not Found: /crawl/status/19/
[14/Dec/2025 18:38:51] "GET /crawl/status/19/ HTTP/1.1" 404 3789
Not Found: /crawl/status/19/
[14/Dec/2025 18:38:53] "GET /crawl/status/19/ HTTP/1.1" 404 3789
Not Found: /crawl/status/19/
[14/Dec/2025 18:38:55] "GET /crawl/status/19/ HTTP/1.1" 404 3789
Not Found: /crawl/status/19/
[14/Dec/2025 18:38:57] "GET /crawl/status/19/ HTTP/1.1" 404 3789
Not Found: /crawl/status/19/
[14/Dec/2025 18:38:59] "GET /crawl/status/19/ HTTP/1.1" 404 3789
Not Found: /crawl/status/19/
[14/Dec/2025 18:39:01] "GET /crawl/status/19/ HTTP/1.1" 404 3789
Not Found: /crawl/status/19/
[14/Dec/2025 18:39:03] "GET /crawl/status/19/ HTTP/1.1" 404 3789
Not Found: /crawl/status/19/
[14/Dec/2025 18:39:05] "GET /crawl/status/19/ HTTP/1.1" 404 3789
Not Found: /crawl/status/19/
[14/Dec/2025 18:39:07] "GET /crawl/status/19/ HTTP/1.1" 404 3789
Not Found: /crawl/status/19/
[14/Dec/2025 18:39:09] "GET /crawl/status/19/ HTTP/1.1" 404 3789
Not Found: /crawl/status/19/
[14/Dec/2025 18:39:11] "GET /crawl/status/19/ HTTP/1.1" 404 3789
Not Found: /crawl/status/19/
[14/Dec/2025 18:39:13] "GET /crawl/status/19/ HTTP/1.1" 404 3789
Not Found: /crawl/status/19/
[14/Dec/2025 18:39:15] "GET /crawl/status/19/ HTTP/1.1" 404 3789
Not Found: /crawl/status/19/
[14/Dec/2025 18:39:17] "GET /crawl/status/19/ HTTP/1.1" 404 3789
Not Found: /crawl/status/19/
[14/Dec/2025 18:39:19] "GET /crawl/status/19/ HTTP/1.1" 404 3789
[14/Dec/2025 18:39:19] "GET /?search=&country=&category= HTTP/1.1" 200 53237
Not Found: /.well-known/appspecific/com.chrome.devtools.json
[14/Dec/2025 18:39:19] "GET /.well-known/appspecific/com.chrome.devtools.json HTTP/1.1" 404 4247
[14/Dec/2025 18:39:19] "GET /static/sites/css/list_page.css HTTP/1.1" 200 7025
[14/Dec/2025 18:39:19] "GET /static/sites/js/crawl_control.js?v=12 HTTP/1.1" 200 9910
[14/Dec/2025 18:39:21] "GET /crawl/active-full/ HTTP/1.1" 200 35
Not Found: /favicon.ico
[14/Dec/2025 18:39:23] "GET /favicon.ico HTTP/1.1" 404 4136
[14/Dec/2025 18:39:27] "POST /crawl/start-full/ HTTP/1.1" 200 35
[14/Dec/2025 18:39:29] "GET /crawl/status/20/ HTTP/1.1" 200 150
[14/Dec/2025 18:39:31] "GET /crawl/status/20/ HTTP/1.1" 200 150
[14/Dec/2025 18:39:33] "GET /crawl/status/20/ HTTP/1.1" 200 150
[14/Dec/2025 18:39:35] "GET /crawl/status/20/ HTTP/1.1" 200 150
[14/Dec/2025 18:39:37] "GET /crawl/status/20/ HTTP/1.1" 200 150
[14/Dec/2025 18:39:39] "GET /crawl/status/20/ HTTP/1.1" 200 150
[14/Dec/2025 18:39:41] "GET /crawl/status/20/ HTTP/1.1" 200 150
[14/Dec/2025 18:39:43] "GET /crawl/status/20/ HTTP/1.1" 200 153
[14/Dec/2025 18:39:45] "GET /crawl/status/20/ HTTP/1.1" 200 153
[14/Dec/2025 18:39:47] "GET /crawl/status/20/ HTTP/1.1" 200 153
[14/Dec/2025 18:39:49] "GET /crawl/status/20/ HTTP/1.1" 200 153
[14/Dec/2025 18:39:51] "GET /crawl/status/20/ HTTP/1.1" 200 153
[14/Dec/2025 18:39:53] "GET /crawl/status/20/ HTTP/1.1" 200 153
[14/Dec/2025 18:39:55] "GET /crawl/status/20/ HTTP/1.1" 200 153
[14/Dec/2025 18:39:57] "GET /crawl/status/20/ HTTP/1.1" 200 153
[14/Dec/2025 18:39:59] "GET /crawl/status/20/ HTTP/1.1" 200 153
[14/Dec/2025 18:40:01] "GET /crawl/status/20/ HTTP/1.1" 200 153
[14/Dec/2025 18:40:03] "GET /crawl/status/20/ HTTP/1.1" 200 153
[14/Dec/2025 18:40:05] "GET /crawl/status/20/ HTTP/1.1" 200 153
[14/Dec/2025 18:40:07] "GET /crawl/status/20/ HTTP/1.1" 200 153
[14/Dec/2025 18:40:09] "GET /crawl/status/20/ HTTP/1.1" 200 153
[14/Dec/2025 18:40:11] "GET /crawl/status/20/ HTTP/1.1" 200 153
[14/Dec/2025 18:40:13] "GET /crawl/status/20/ HTTP/1.1" 200 153
[14/Dec/2025 18:40:15] "GET /crawl/status/20/ HTTP/1.1" 200 153
[14/Dec/2025 18:40:17] "GET /crawl/status/20/ HTTP/1.1" 200 153
[14/Dec/2025 18:40:19] "GET /?search=&country=&category= HTTP/1.1" 200 53237
Not Found: /.well-known/appspecific/com.chrome.devtools.json
[14/Dec/2025 18:40:19] "GET /.well-known/appspecific/com.chrome.devtools.json HTTP/1.1" 404 4247
[14/Dec/2025 18:40:19] "GET /static/sites/js/crawl_control.js?v=12 HTTP/1.1" 304 0
[14/Dec/2025 18:40:19] "GET /crawl/active-full/ HTTP/1.1" 200 36
[14/Dec/2025 18:40:21] "GET /crawl/status/20/ HTTP/1.1" 200 153
[14/Dec/2025 18:40:35] "GET /crawl/status/20/ HTTP/1.1" 200 153
[14/Dec/2025 18:40:35] "POST /crawl/stop-all/ HTTP/1.1" 200 21
[14/Dec/2025 18:40:37] "GET /?search=&country=&category= HTTP/1.1" 200 53237
Not Found: /.well-known/appspecific/com.chrome.devtools.json
[14/Dec/2025 18:40:37] "GET /.well-known/appspecific/com.chrome.devtools.json HTTP/1.1" 404 4247
[14/Dec/2025 18:40:37] "GET /crawl/active-full/ HTTP/1.1" 200 35
[14/Dec/2025 18:42:05] "GET /?search=&country=&category= HTTP/1.1" 200 53237
Not Found: /.well-known/appspecific/com.chrome.devtools.json
[14/Dec/2025 18:42:05] "GET /.well-known/appspecific/com.chrome.devtools.json HTTP/1.1" 404 4247
[14/Dec/2025 18:42:05] "GET /static/sites/css/list_page.css HTTP/1.1" 200 7025
[14/Dec/2025 18:42:05] "GET /static/sites/js/crawl_control.js?v=13 HTTP/1.1" 200 9782
[14/Dec/2025 18:42:05] "GET /crawl/active-full/ HTTP/1.1" 200 35
Not Found: /favicon.ico
[14/Dec/2025 18:42:06] "GET /favicon.ico HTTP/1.1" 404 4136
[14/Dec/2025 18:42:09] "POST /crawl/start-full/ HTTP/1.1" 200 35
[14/Dec/2025 18:42:11] "GET /crawl/status/21/ HTTP/1.1" 200 150
[14/Dec/2025 18:42:13] "GET /crawl/status/21/ HTTP/1.1" 200 150
[14/Dec/2025 18:42:15] "GET /crawl/status/21/ HTTP/1.1" 200 150
[14/Dec/2025 18:42:17] "GET /crawl/status/21/ HTTP/1.1" 200 153
[14/Dec/2025 18:42:19] "GET /crawl/status/21/ HTTP/1.1" 200 153
[14/Dec/2025 18:42:21] "GET /crawl/status/21/ HTTP/1.1" 200 153
[14/Dec/2025 18:42:23] "GET /crawl/status/21/ HTTP/1.1" 200 153
[14/Dec/2025 18:42:25] "GET /crawl/status/21/ HTTP/1.1" 200 153
[14/Dec/2025 18:42:27] "GET /crawl/status/21/ HTTP/1.1" 200 153
[14/Dec/2025 18:42:29] "GET /crawl/status/21/ HTTP/1.1" 200 153
[14/Dec/2025 18:42:31] "GET /crawl/status/21/ HTTP/1.1" 200 153
[14/Dec/2025 18:42:33] "GET /crawl/status/21/ HTTP/1.1" 200 153
[14/Dec/2025 18:42:35] "GET /crawl/status/21/ HTTP/1.1" 200 153
[14/Dec/2025 18:42:37] "GET /crawl/status/21/ HTTP/1.1" 200 153
[14/Dec/2025 18:42:39] "GET /crawl/status/21/ HTTP/1.1" 200 153
[14/Dec/2025 18:42:41] "GET /crawl/status/21/ HTTP/1.1" 200 153
[14/Dec/2025 18:42:43] "GET /crawl/status/21/ HTTP/1.1" 200 153
[14/Dec/2025 18:42:45] "GET /crawl/status/21/ HTTP/1.1" 200 153
[14/Dec/2025 18:42:47] "GET /crawl/status/21/ HTTP/1.1" 200 153
[14/Dec/2025 18:42:49] "GET /crawl/status/21/ HTTP/1.1" 200 153
[14/Dec/2025 18:42:51] "GET /crawl/status/21/ HTTP/1.1" 200 153
[14/Dec/2025 18:42:53] "GET /crawl/status/21/ HTTP/1.1" 200 153
[14/Dec/2025 18:42:55] "GET /crawl/status/21/ HTTP/1.1" 200 153
[14/Dec/2025 18:42:57] "GET /crawl/status/21/ HTTP/1.1" 200 153
[14/Dec/2025 18:42:59] "GET /crawl/status/21/ HTTP/1.1" 200 153
[14/Dec/2025 18:43:01] "GET /crawl/status/21/ HTTP/1.1" 200 153
[14/Dec/2025 18:43:03] "GET /crawl/status/21/ HTTP/1.1" 200 153
[14/Dec/2025 18:43:05] "GET /crawl/status/21/ HTTP/1.1" 200 153
[14/Dec/2025 18:43:07] "GET /crawl/status/21/ HTTP/1.1" 200 153
[14/Dec/2025 18:43:09] "GET /crawl/status/21/ HTTP/1.1" 200 153
[14/Dec/2025 18:43:11] "GET /crawl/status/21/ HTTP/1.1" 200 153
[14/Dec/2025 18:43:13] "GET /crawl/status/21/ HTTP/1.1" 200 153
[14/Dec/2025 18:43:15] "GET /crawl/status/21/ HTTP/1.1" 200 153
[14/Dec/2025 18:43:17] "GET /crawl/status/21/ HTTP/1.1" 200 153
[14/Dec/2025 18:43:19] "GET /crawl/status/21/ HTTP/1.1" 200 153
[14/Dec/2025 18:43:21] "GET /crawl/status/21/ HTTP/1.1" 200 153
[14/Dec/2025 18:43:23] "GET /crawl/status/21/ HTTP/1.1" 200 153
[14/Dec/2025 18:43:25] "GET /crawl/status/21/ HTTP/1.1" 200 153
[14/Dec/2025 18:43:27] "GET /crawl/status/21/ HTTP/1.1" 200 153
[14/Dec/2025 18:43:29] "GET /crawl/status/21/ HTTP/1.1" 200 153
[14/Dec/2025 18:43:31] "GET /crawl/status/21/ HTTP/1.1" 200 153
[14/Dec/2025 18:43:33] "GET /crawl/status/21/ HTTP/1.1" 200 153
[14/Dec/2025 18:43:35] "GET /crawl/status/21/ HTTP/1.1" 200 153
[14/Dec/2025 18:43:37] "GET /crawl/status/21/ HTTP/1.1" 200 153
[14/Dec/2025 18:43:39] "GET /crawl/status/21/ HTTP/1.1" 200 153
[14/Dec/2025 18:43:41] "GET /crawl/status/21/ HTTP/1.1" 200 153
[14/Dec/2025 18:43:43] "GET /crawl/status/21/ HTTP/1.1" 200 153
[14/Dec/2025 18:43:45] "GET /crawl/status/21/ HTTP/1.1" 200 153
[14/Dec/2025 18:43:47] "GET /crawl/status/21/ HTTP/1.1" 200 153
[14/Dec/2025 18:43:49] "GET /crawl/status/21/ HTTP/1.1" 200 153
[14/Dec/2025 18:43:51] "GET /crawl/status/21/ HTTP/1.1" 200 153
[14/Dec/2025 18:43:53] "GET /crawl/status/21/ HTTP/1.1" 200 153
[14/Dec/2025 18:43:55] "GET /crawl/status/21/ HTTP/1.1" 200 153
[14/Dec/2025 18:43:57] "GET /crawl/status/21/ HTTP/1.1" 200 153
[14/Dec/2025 18:43:59] "GET /crawl/status/21/ HTTP/1.1" 200 153
[14/Dec/2025 18:44:01] "GET /crawl/status/21/ HTTP/1.1" 200 153
[14/Dec/2025 18:44:03] "GET /crawl/status/21/ HTTP/1.1" 200 153
[14/Dec/2025 18:44:05] "GET /crawl/status/21/ HTTP/1.1" 200 153
[14/Dec/2025 18:44:07] "GET /crawl/status/21/ HTTP/1.1" 200 153
[14/Dec/2025 18:44:09] "GET /crawl/status/21/ HTTP/1.1" 200 153
[14/Dec/2025 18:44:11] "GET /crawl/status/21/ HTTP/1.1" 200 153
[14/Dec/2025 18:44:13] "GET /crawl/status/21/ HTTP/1.1" 200 153
[14/Dec/2025 18:44:15] "GET /crawl/status/21/ HTTP/1.1" 200 153
[14/Dec/2025 18:44:17] "GET /crawl/status/21/ HTTP/1.1" 200 153
[14/Dec/2025 18:44:19] "GET /crawl/status/21/ HTTP/1.1" 200 153
[14/Dec/2025 18:44:21] "GET /crawl/status/21/ HTTP/1.1" 200 153
[14/Dec/2025 18:44:23] "GET /crawl/status/21/ HTTP/1.1" 200 153
[14/Dec/2025 18:44:25] "GET /crawl/status/21/ HTTP/1.1" 200 153
[14/Dec/2025 18:44:27] "GET /crawl/status/21/ HTTP/1.1" 200 153
[14/Dec/2025 18:44:29] "GET /crawl/status/21/ HTTP/1.1" 200 153
[14/Dec/2025 18:44:31] "GET /crawl/status/21/ HTTP/1.1" 200 153
[14/Dec/2025 18:44:33] "GET /crawl/status/21/ HTTP/1.1" 200 153
[14/Dec/2025 18:44:35] "GET /crawl/status/21/ HTTP/1.1" 200 153
[14/Dec/2025 18:44:37] "GET /crawl/status/21/ HTTP/1.1" 200 153
[14/Dec/2025 18:44:39] "GET /crawl/status/21/ HTTP/1.1" 200 153
[14/Dec/2025 18:44:41] "GET /crawl/status/21/ HTTP/1.1" 200 153
[14/Dec/2025 18:44:43] "GET /crawl/status/21/ HTTP/1.1" 200 153
[14/Dec/2025 18:44:45] "GET /crawl/status/21/ HTTP/1.1" 200 153
[14/Dec/2025 18:44:47] "GET /crawl/status/21/ HTTP/1.1" 200 153
[14/Dec/2025 18:44:49] "GET /crawl/status/21/ HTTP/1.1" 200 153
[14/Dec/2025 18:44:51] "GET /crawl/status/21/ HTTP/1.1" 200 153
[14/Dec/2025 18:44:53] "GET /crawl/status/21/ HTTP/1.1" 200 153
[14/Dec/2025 18:44:55] "GET /crawl/status/21/ HTTP/1.1" 200 153
[14/Dec/2025 18:44:57] "GET /crawl/status/21/ HTTP/1.1" 200 153
[14/Dec/2025 18:44:59] "GET /crawl/status/21/ HTTP/1.1" 200 153
[14/Dec/2025 18:45:01] "GET /crawl/status/21/ HTTP/1.1" 200 153
[14/Dec/2025 18:45:03] "GET /crawl/status/21/ HTTP/1.1" 200 153
[14/Dec/2025 18:45:05] "GET /crawl/status/21/ HTTP/1.1" 200 153
[14/Dec/2025 18:45:07] "GET /crawl/status/21/ HTTP/1.1" 200 153
[14/Dec/2025 18:45:09] "GET /crawl/status/21/ HTTP/1.1" 200 153
[14/Dec/2025 18:45:11] "GET /crawl/status/21/ HTTP/1.1" 200 153
[14/Dec/2025 18:45:13] "GET /crawl/status/21/ HTTP/1.1" 200 153
[14/Dec/2025 18:45:15] "GET /crawl/status/21/ HTTP/1.1" 200 153
[14/Dec/2025 18:45:17] "GET /crawl/status/21/ HTTP/1.1" 200 153
[14/Dec/2025 18:45:19] "GET /crawl/status/21/ HTTP/1.1" 200 153
[14/Dec/2025 18:45:21] "GET /crawl/status/21/ HTTP/1.1" 200 153
[14/Dec/2025 18:45:23] "GET /crawl/status/21/ HTTP/1.1" 200 153
[14/Dec/2025 18:45:25] "GET /crawl/status/21/ HTTP/1.1" 200 153
[14/Dec/2025 18:45:27] "GET /crawl/status/21/ HTTP/1.1" 200 153
[14/Dec/2025 18:45:29] "GET /crawl/status/21/ HTTP/1.1" 200 153
[14/Dec/2025 18:45:31] "GET /crawl/status/21/ HTTP/1.1" 200 153
[14/Dec/2025 18:45:33] "GET /crawl/status/21/ HTTP/1.1" 200 153
[14/Dec/2025 18:45:35] "GET /crawl/status/21/ HTTP/1.1" 200 153
[14/Dec/2025 18:45:37] "GET /crawl/status/21/ HTTP/1.1" 200 153
[14/Dec/2025 18:45:39] "GET /crawl/status/21/ HTTP/1.1" 200 153
[14/Dec/2025 18:45:41] "GET /crawl/status/21/ HTTP/1.1" 200 153
[14/Dec/2025 18:45:43] "GET /crawl/status/21/ HTTP/1.1" 200 153
[14/Dec/2025 18:45:45] "GET /crawl/status/21/ HTTP/1.1" 200 153
[14/Dec/2025 18:45:47] "GET /crawl/status/21/ HTTP/1.1" 200 153
[14/Dec/2025 18:45:49] "GET /crawl/status/21/ HTTP/1.1" 200 153
[14/Dec/2025 18:45:51] "GET /crawl/status/21/ HTTP/1.1" 200 153
[14/Dec/2025 18:45:53] "GET /crawl/status/21/ HTTP/1.1" 200 153
[14/Dec/2025 18:45:55] "GET /crawl/status/21/ HTTP/1.1" 200 153
[14/Dec/2025 18:45:57] "GET /crawl/status/21/ HTTP/1.1" 200 153
[14/Dec/2025 18:45:59] "GET /crawl/status/21/ HTTP/1.1" 200 153
[14/Dec/2025 18:46:01] "GET /crawl/status/21/ HTTP/1.1" 200 153
[14/Dec/2025 18:46:03] "GET /crawl/status/21/ HTTP/1.1" 200 153
[14/Dec/2025 18:46:05] "GET /crawl/status/21/ HTTP/1.1" 200 153
[14/Dec/2025 18:46:07] "GET /crawl/status/21/ HTTP/1.1" 200 153
[14/Dec/2025 18:46:09] "GET /crawl/status/21/ HTTP/1.1" 200 153
[14/Dec/2025 18:46:11] "GET /crawl/status/21/ HTTP/1.1" 200 153
[14/Dec/2025 18:46:13] "GET /crawl/status/21/ HTTP/1.1" 200 153
[14/Dec/2025 18:46:15] "GET /crawl/status/21/ HTTP/1.1" 200 153
[14/Dec/2025 18:46:17] "GET /crawl/status/21/ HTTP/1.1" 200 153
[14/Dec/2025 18:46:19] "GET /crawl/status/21/ HTTP/1.1" 200 153
[14/Dec/2025 18:46:21] "GET /crawl/status/21/ HTTP/1.1" 200 153
[14/Dec/2025 18:46:23] "GET /crawl/status/21/ HTTP/1.1" 200 153
[14/Dec/2025 18:46:25] "GET /crawl/status/21/ HTTP/1.1" 200 153
[14/Dec/2025 18:46:27] "GET /crawl/status/21/ HTTP/1.1" 200 153
[14/Dec/2025 18:46:29] "GET /crawl/status/21/ HTTP/1.1" 200 153
[14/Dec/2025 18:46:31] "GET /crawl/status/21/ HTTP/1.1" 200 153
[14/Dec/2025 18:46:33] "GET /crawl/status/21/ HTTP/1.1" 200 153
[14/Dec/2025 18:46:35] "GET /crawl/status/21/ HTTP/1.1" 200 153
[14/Dec/2025 18:46:37] "GET /crawl/status/21/ HTTP/1.1" 200 153
[14/Dec/2025 18:46:39] "GET /crawl/status/21/ HTTP/1.1" 200 153
[14/Dec/2025 18:46:41] "GET /crawl/status/21/ HTTP/1.1" 200 153
[14/Dec/2025 18:46:43] "GET /crawl/status/21/ HTTP/1.1" 200 153
[14/Dec/2025 18:46:45] "GET /crawl/status/21/ HTTP/1.1" 200 153
[14/Dec/2025 18:46:47] "GET /crawl/status/21/ HTTP/1.1" 200 153
[14/Dec/2025 18:46:49] "GET /crawl/status/21/ HTTP/1.1" 200 153
[14/Dec/2025 18:46:51] "GET /crawl/status/21/ HTTP/1.1" 200 153
[14/Dec/2025 18:46:53] "GET /crawl/status/21/ HTTP/1.1" 200 153
[14/Dec/2025 18:46:55] "GET /crawl/status/21/ HTTP/1.1" 200 153
[14/Dec/2025 18:46:57] "GET /crawl/status/21/ HTTP/1.1" 200 153
[14/Dec/2025 18:46:59] "GET /crawl/status/21/ HTTP/1.1" 200 153
[14/Dec/2025 18:47:01] "GET /crawl/status/21/ HTTP/1.1" 200 153
[14/Dec/2025 18:47:03] "GET /crawl/status/21/ HTTP/1.1" 200 153
[14/Dec/2025 18:47:05] "GET /crawl/status/21/ HTTP/1.1" 200 153
[14/Dec/2025 18:47:07] "GET /crawl/status/21/ HTTP/1.1" 200 153
[14/Dec/2025 18:47:09] "GET /crawl/status/21/ HTTP/1.1" 200 153
[14/Dec/2025 18:47:11] "GET /crawl/status/21/ HTTP/1.1" 200 153
[14/Dec/2025 18:47:13] "GET /crawl/status/21/ HTTP/1.1" 200 153
[14/Dec/2025 18:47:15] "GET /crawl/status/21/ HTTP/1.1" 200 153
[14/Dec/2025 18:47:17] "GET /crawl/status/21/ HTTP/1.1" 200 153
[14/Dec/2025 18:47:19] "GET /crawl/status/21/ HTTP/1.1" 200 153
[14/Dec/2025 18:47:21] "GET /crawl/status/21/ HTTP/1.1" 200 153
[14/Dec/2025 18:47:23] "GET /crawl/status/21/ HTTP/1.1" 200 153
[14/Dec/2025 18:47:25] "GET /crawl/status/21/ HTTP/1.1" 200 153
[14/Dec/2025 18:47:27] "GET /crawl/status/21/ HTTP/1.1" 200 153
[14/Dec/2025 18:47:29] "GET /crawl/status/21/ HTTP/1.1" 200 153
[14/Dec/2025 18:47:31] "GET /crawl/status/21/ HTTP/1.1" 200 153
[14/Dec/2025 18:47:33] "GET /crawl/status/21/ HTTP/1.1" 200 153
[14/Dec/2025 18:47:35] "GET /crawl/status/21/ HTTP/1.1" 200 153
[14/Dec/2025 18:47:37] "GET /crawl/status/21/ HTTP/1.1" 200 153
[14/Dec/2025 18:47:39] "GET /crawl/status/21/ HTTP/1.1" 200 153
[14/Dec/2025 18:47:41] "GET /crawl/status/21/ HTTP/1.1" 200 153
[14/Dec/2025 18:47:43] "GET /crawl/status/21/ HTTP/1.1" 200 153
[14/Dec/2025 18:47:45] "GET /crawl/status/21/ HTTP/1.1" 200 153
[14/Dec/2025 18:47:47] "GET /crawl/status/21/ HTTP/1.1" 200 153
[14/Dec/2025 18:47:49] "GET /crawl/status/21/ HTTP/1.1" 200 153
[14/Dec/2025 18:47:51] "GET /crawl/status/21/ HTTP/1.1" 200 153
[14/Dec/2025 18:47:53] "GET /crawl/status/21/ HTTP/1.1" 200 153
[14/Dec/2025 18:47:55] "GET /crawl/status/21/ HTTP/1.1" 200 153
[14/Dec/2025 18:47:57] "GET /crawl/status/21/ HTTP/1.1" 200 153
[14/Dec/2025 18:47:59] "GET /crawl/status/21/ HTTP/1.1" 200 153
[14/Dec/2025 18:48:01] "GET /crawl/status/21/ HTTP/1.1" 200 153
[14/Dec/2025 18:48:03] "GET /crawl/status/21/ HTTP/1.1" 200 153
[14/Dec/2025 18:48:05] "GET /crawl/status/21/ HTTP/1.1" 200 153
[14/Dec/2025 18:48:07] "GET /crawl/status/21/ HTTP/1.1" 200 153
[14/Dec/2025 18:48:09] "GET /crawl/status/21/ HTTP/1.1" 200 153
[14/Dec/2025 18:48:11] "GET /crawl/status/21/ HTTP/1.1" 200 153
[14/Dec/2025 18:48:13] "GET /crawl/status/21/ HTTP/1.1" 200 153
[14/Dec/2025 18:48:15] "GET /crawl/status/21/ HTTP/1.1" 200 153
[14/Dec/2025 18:48:17] "GET /crawl/status/21/ HTTP/1.1" 200 153
[14/Dec/2025 18:48:19] "GET /crawl/status/21/ HTTP/1.1" 200 153
[14/Dec/2025 18:48:21] "GET /crawl/status/21/ HTTP/1.1" 200 153
[14/Dec/2025 18:48:23] "GET /crawl/status/21/ HTTP/1.1" 200 153
[14/Dec/2025 18:48:25] "GET /crawl/status/21/ HTTP/1.1" 200 153
[14/Dec/2025 18:48:27] "GET /crawl/status/21/ HTTP/1.1" 200 153
[14/Dec/2025 18:48:29] "GET /crawl/status/21/ HTTP/1.1" 200 153
[14/Dec/2025 18:48:31] "GET /crawl/status/21/ HTTP/1.1" 200 153
[14/Dec/2025 18:48:33] "GET /crawl/status/21/ HTTP/1.1" 200 153
[14/Dec/2025 18:48:35] "GET /crawl/status/21/ HTTP/1.1" 200 153
[14/Dec/2025 18:48:37] "GET /crawl/status/21/ HTTP/1.1" 200 153
[14/Dec/2025 18:48:39] "GET /crawl/status/21/ HTTP/1.1" 200 153
[14/Dec/2025 18:48:42] "GET /crawl/status/21/ HTTP/1.1" 200 153
[14/Dec/2025 18:48:43] "GET /crawl/status/21/ HTTP/1.1" 200 153
[14/Dec/2025 18:48:45] "GET /crawl/status/21/ HTTP/1.1" 200 153
[14/Dec/2025 18:48:47] "GET /crawl/status/21/ HTTP/1.1" 200 153
[14/Dec/2025 18:48:49] "GET /crawl/status/21/ HTTP/1.1" 200 153
[14/Dec/2025 18:48:51] "GET /crawl/status/21/ HTTP/1.1" 200 153
[14/Dec/2025 18:48:53] "GET /crawl/status/21/ HTTP/1.1" 200 153
[14/Dec/2025 18:48:55] "GET /crawl/status/21/ HTTP/1.1" 200 153
[14/Dec/2025 18:48:57] "GET /crawl/status/21/ HTTP/1.1" 200 153
[14/Dec/2025 18:48:59] "GET /crawl/status/21/ HTTP/1.1" 200 153
[14/Dec/2025 18:49:01] "GET /crawl/status/21/ HTTP/1.1" 200 153
[14/Dec/2025 18:49:03] "GET /crawl/status/21/ HTTP/1.1" 200 153
[14/Dec/2025 18:49:05] "GET /crawl/status/21/ HTTP/1.1" 200 153
[14/Dec/2025 18:49:07] "GET /crawl/status/21/ HTTP/1.1" 200 153
[14/Dec/2025 18:49:09] "GET /crawl/status/21/ HTTP/1.1" 200 153
[14/Dec/2025 18:49:11] "GET /crawl/status/21/ HTTP/1.1" 200 153
[14/Dec/2025 18:49:13] "GET /crawl/status/21/ HTTP/1.1" 200 153
[14/Dec/2025 18:49:15] "GET /crawl/status/21/ HTTP/1.1" 200 153
[14/Dec/2025 18:49:17] "GET /crawl/status/21/ HTTP/1.1" 200 153
[14/Dec/2025 18:49:19] "GET /crawl/status/21/ HTTP/1.1" 200 153
[14/Dec/2025 18:49:21] "GET /crawl/status/21/ HTTP/1.1" 200 153
[14/Dec/2025 18:49:23] "GET /crawl/status/21/ HTTP/1.1" 200 153
[14/Dec/2025 18:49:25] "GET /crawl/status/21/ HTTP/1.1" 200 153
[14/Dec/2025 18:49:27] "GET /crawl/status/21/ HTTP/1.1" 200 153
[14/Dec/2025 18:49:29] "GET /crawl/status/21/ HTTP/1.1" 200 153
[14/Dec/2025 18:49:31] "GET /crawl/status/21/ HTTP/1.1" 200 153
[14/Dec/2025 18:49:33] "GET /crawl/status/21/ HTTP/1.1" 200 153
[14/Dec/2025 18:49:35] "GET /crawl/status/21/ HTTP/1.1" 200 153
[14/Dec/2025 18:49:37] "GET /crawl/status/21/ HTTP/1.1" 200 153
[14/Dec/2025 18:49:39] "GET /crawl/status/21/ HTTP/1.1" 200 153
[14/Dec/2025 18:49:41] "GET /crawl/status/21/ HTTP/1.1" 200 153
[14/Dec/2025 18:49:43] "GET /crawl/status/21/ HTTP/1.1" 200 153
[14/Dec/2025 18:49:45] "GET /crawl/status/21/ HTTP/1.1" 200 153
[14/Dec/2025 18:49:47] "GET /crawl/status/21/ HTTP/1.1" 200 153
[14/Dec/2025 18:49:49] "GET /crawl/status/21/ HTTP/1.1" 200 153
[14/Dec/2025 18:49:51] "GET /crawl/status/21/ HTTP/1.1" 200 153
[14/Dec/2025 18:49:53] "GET /crawl/status/21/ HTTP/1.1" 200 153
[14/Dec/2025 18:49:55] "GET /crawl/status/21/ HTTP/1.1" 200 153
[14/Dec/2025 18:49:57] "GET /crawl/status/21/ HTTP/1.1" 200 153
[14/Dec/2025 18:49:59] "GET /crawl/status/21/ HTTP/1.1" 200 153
[14/Dec/2025 18:50:03] "GET /crawl/status/21/ HTTP/1.1" 200 153
[14/Dec/2025 18:50:03] "GET /crawl/status/21/ HTTP/1.1" 200 153
[14/Dec/2025 18:50:05] "GET /crawl/status/21/ HTTP/1.1" 200 153
[14/Dec/2025 18:50:07] "GET /crawl/status/21/ HTTP/1.1" 200 153
[14/Dec/2025 18:50:09] "GET /crawl/status/21/ HTTP/1.1" 200 153
[14/Dec/2025 18:50:11] "GET /crawl/status/21/ HTTP/1.1" 200 153
[14/Dec/2025 18:50:13] "GET /crawl/status/21/ HTTP/1.1" 200 153
[14/Dec/2025 18:50:15] "GET /crawl/status/21/ HTTP/1.1" 200 153
[14/Dec/2025 18:50:17] "GET /crawl/status/21/ HTTP/1.1" 200 153
[14/Dec/2025 18:50:19] "GET /crawl/status/21/ HTTP/1.1" 200 153
[14/Dec/2025 18:50:21] "GET /crawl/status/21/ HTTP/1.1" 200 153
[14/Dec/2025 18:50:23] "GET /crawl/status/21/ HTTP/1.1" 200 153
[14/Dec/2025 18:50:25] "GET /crawl/status/21/ HTTP/1.1" 200 153
[14/Dec/2025 18:50:27] "GET /crawl/status/21/ HTTP/1.1" 200 153
[14/Dec/2025 18:50:29] "GET /crawl/status/21/ HTTP/1.1" 200 153
[14/Dec/2025 18:50:31] "GET /crawl/status/21/ HTTP/1.1" 200 153
[14/Dec/2025 18:50:33] "GET /crawl/status/21/ HTTP/1.1" 200 153
[14/Dec/2025 18:50:35] "GET /crawl/status/21/ HTTP/1.1" 200 153
[14/Dec/2025 18:50:37] "GET /crawl/status/21/ HTTP/1.1" 200 153
[14/Dec/2025 18:50:39] "GET /crawl/status/21/ HTTP/1.1" 200 153
[14/Dec/2025 18:50:41] "GET /crawl/status/21/ HTTP/1.1" 200 153
[14/Dec/2025 18:50:43] "GET /crawl/status/21/ HTTP/1.1" 200 153
[14/Dec/2025 18:50:45] "GET /crawl/status/21/ HTTP/1.1" 200 153
[14/Dec/2025 18:50:47] "GET /crawl/status/21/ HTTP/1.1" 200 153
[14/Dec/2025 18:50:49] "GET /crawl/status/21/ HTTP/1.1" 200 153
[14/Dec/2025 18:50:51] "GET /crawl/status/21/ HTTP/1.1" 200 153
[14/Dec/2025 18:50:53] "GET /crawl/status/21/ HTTP/1.1" 200 153
[14/Dec/2025 18:50:55] "GET /crawl/status/21/ HTTP/1.1" 200 153
[14/Dec/2025 18:50:57] "GET /crawl/status/21/ HTTP/1.1" 200 153
[14/Dec/2025 18:50:59] "GET /crawl/status/21/ HTTP/1.1" 200 153
[14/Dec/2025 18:51:01] "GET /crawl/status/21/ HTTP/1.1" 200 153
[14/Dec/2025 18:51:03] "GET /crawl/status/21/ HTTP/1.1" 200 153
[14/Dec/2025 18:51:05] "GET /crawl/status/21/ HTTP/1.1" 200 153
[14/Dec/2025 18:51:07] "GET /crawl/status/21/ HTTP/1.1" 200 153
[14/Dec/2025 18:51:09] "GET /crawl/status/21/ HTTP/1.1" 200 153
[14/Dec/2025 18:51:11] "GET /crawl/status/21/ HTTP/1.1" 200 153
[14/Dec/2025 18:51:13] "GET /crawl/status/21/ HTTP/1.1" 200 153
[14/Dec/2025 18:51:15] "GET /crawl/status/21/ HTTP/1.1" 200 153
[14/Dec/2025 18:51:18] "GET /crawl/status/21/ HTTP/1.1" 200 153
[14/Dec/2025 18:51:19] "GET /crawl/status/21/ HTTP/1.1" 200 153
[14/Dec/2025 18:51:21] "GET /crawl/status/21/ HTTP/1.1" 200 153
[14/Dec/2025 18:51:23] "GET /crawl/status/21/ HTTP/1.1" 200 153
[14/Dec/2025 18:51:25] "GET /crawl/status/21/ HTTP/1.1" 200 153
[14/Dec/2025 18:51:27] "GET /crawl/status/21/ HTTP/1.1" 200 153
[14/Dec/2025 18:51:29] "GET /crawl/status/21/ HTTP/1.1" 200 153
[14/Dec/2025 18:51:31] "GET /crawl/status/21/ HTTP/1.1" 200 153
[14/Dec/2025 18:51:33] "GET /crawl/status/21/ HTTP/1.1" 200 153
[14/Dec/2025 18:51:35] "GET /crawl/status/21/ HTTP/1.1" 200 153
[14/Dec/2025 18:51:37] "GET /crawl/status/21/ HTTP/1.1" 200 153
[14/Dec/2025 18:51:39] "GET /crawl/status/21/ HTTP/1.1" 200 153
[14/Dec/2025 18:51:41] "GET /crawl/status/21/ HTTP/1.1" 200 153
[14/Dec/2025 18:51:43] "GET /crawl/status/21/ HTTP/1.1" 200 153
[14/Dec/2025 18:51:45] "GET /crawl/status/21/ HTTP/1.1" 200 153
[14/Dec/2025 18:51:47] "GET /crawl/status/21/ HTTP/1.1" 200 153
[14/Dec/2025 18:51:49] "GET /crawl/status/21/ HTTP/1.1" 200 153
[14/Dec/2025 18:51:51] "GET /crawl/status/21/ HTTP/1.1" 200 153
[14/Dec/2025 18:51:53] "GET /crawl/status/21/ HTTP/1.1" 200 153
[14/Dec/2025 18:51:55] "GET /crawl/status/21/ HTTP/1.1" 200 153
[14/Dec/2025 18:51:57] "GET /crawl/status/21/ HTTP/1.1" 200 153
[14/Dec/2025 18:51:59] "GET /crawl/status/21/ HTTP/1.1" 200 153
[14/Dec/2025 18:52:01] "GET /crawl/status/21/ HTTP/1.1" 200 153
[14/Dec/2025 18:52:03] "GET /crawl/status/21/ HTTP/1.1" 200 153
[14/Dec/2025 18:52:05] "GET /crawl/status/21/ HTTP/1.1" 200 153
[14/Dec/2025 18:52:07] "GET /crawl/status/21/ HTTP/1.1" 200 153
[14/Dec/2025 18:52:09] "GET /crawl/status/21/ HTTP/1.1" 200 153
[14/Dec/2025 18:52:11] "GET /crawl/status/21/ HTTP/1.1" 200 153
[14/Dec/2025 18:52:13] "GET /crawl/status/21/ HTTP/1.1" 200 153
[14/Dec/2025 18:52:15] "GET /crawl/status/21/ HTTP/1.1" 200 153
[14/Dec/2025 18:52:17] "GET /crawl/status/21/ HTTP/1.1" 200 153
[14/Dec/2025 18:52:19] "GET /crawl/status/21/ HTTP/1.1" 200 153
[14/Dec/2025 18:52:21] "GET /crawl/status/21/ HTTP/1.1" 200 153
[14/Dec/2025 18:52:23] "GET /crawl/status/21/ HTTP/1.1" 200 153
[14/Dec/2025 18:52:25] "GET /crawl/status/21/ HTTP/1.1" 200 153
[14/Dec/2025 18:52:27] "GET /crawl/status/21/ HTTP/1.1" 200 153
[14/Dec/2025 18:52:29] "GET /crawl/status/21/ HTTP/1.1" 200 153
[14/Dec/2025 18:52:31] "GET /crawl/status/21/ HTTP/1.1" 200 153
[14/Dec/2025 18:52:33] "GET /crawl/status/21/ HTTP/1.1" 200 153
[14/Dec/2025 18:52:35] "GET /crawl/status/21/ HTTP/1.1" 200 153
[14/Dec/2025 18:52:37] "GET /crawl/status/21/ HTTP/1.1" 200 153
[14/Dec/2025 18:52:39] "GET /crawl/status/21/ HTTP/1.1" 200 153
[14/Dec/2025 18:52:41] "GET /crawl/status/21/ HTTP/1.1" 200 153
[14/Dec/2025 18:52:43] "GET /crawl/status/21/ HTTP/1.1" 200 153
[14/Dec/2025 18:52:45] "GET /crawl/status/21/ HTTP/1.1" 200 153
[14/Dec/2025 18:52:47] "GET /crawl/status/21/ HTTP/1.1" 200 153
[14/Dec/2025 18:52:49] "GET /crawl/status/21/ HTTP/1.1" 200 153
[14/Dec/2025 18:52:51] "GET /crawl/status/21/ HTTP/1.1" 200 153
[14/Dec/2025 18:52:53] "GET /crawl/status/21/ HTTP/1.1" 200 153
[14/Dec/2025 18:52:55] "GET /crawl/status/21/ HTTP/1.1" 200 153
[14/Dec/2025 18:52:57] "GET /crawl/status/21/ HTTP/1.1" 200 153
[14/Dec/2025 18:52:59] "GET /crawl/status/21/ HTTP/1.1" 200 153
[14/Dec/2025 18:53:01] "GET /crawl/status/21/ HTTP/1.1" 200 153
[14/Dec/2025 18:53:03] "GET /crawl/status/21/ HTTP/1.1" 200 153
[14/Dec/2025 18:53:05] "GET /crawl/status/21/ HTTP/1.1" 200 153
[14/Dec/2025 18:53:07] "GET /crawl/status/21/ HTTP/1.1" 200 153
[14/Dec/2025 18:53:09] "GET /crawl/status/21/ HTTP/1.1" 200 153
[14/Dec/2025 18:53:11] "GET /crawl/status/21/ HTTP/1.1" 200 153
[14/Dec/2025 18:53:13] "GET /crawl/status/21/ HTTP/1.1" 200 153
[14/Dec/2025 18:53:15] "GET /crawl/status/21/ HTTP/1.1" 200 153
[14/Dec/2025 18:53:17] "GET /crawl/status/21/ HTTP/1.1" 200 153
[14/Dec/2025 18:53:19] "GET /crawl/status/21/ HTTP/1.1" 200 153
[14/Dec/2025 18:53:21] "GET /crawl/status/21/ HTTP/1.1" 200 153
[14/Dec/2025 18:53:23] "GET /crawl/status/21/ HTTP/1.1" 200 153
[14/Dec/2025 18:53:25] "GET /crawl/status/21/ HTTP/1.1" 200 153
[14/Dec/2025 18:53:27] "GET /crawl/status/21/ HTTP/1.1" 200 153
[14/Dec/2025 18:53:29] "GET /crawl/status/21/ HTTP/1.1" 200 153
[14/Dec/2025 18:53:31] "GET /crawl/status/21/ HTTP/1.1" 200 153
[14/Dec/2025 18:53:33] "GET /crawl/status/21/ HTTP/1.1" 200 153
[14/Dec/2025 18:53:35] "GET /crawl/status/21/ HTTP/1.1" 200 153
[14/Dec/2025 18:53:37] "GET /crawl/status/21/ HTTP/1.1" 200 153
[14/Dec/2025 18:53:39] "GET /crawl/status/21/ HTTP/1.1" 200 153
[14/Dec/2025 18:53:41] "GET /crawl/status/21/ HTTP/1.1" 200 153
[14/Dec/2025 18:53:43] "GET /crawl/status/21/ HTTP/1.1" 200 153
[14/Dec/2025 18:53:45] "GET /crawl/status/21/ HTTP/1.1" 200 153
[14/Dec/2025 18:53:47] "GET /crawl/status/21/ HTTP/1.1" 200 153
[14/Dec/2025 18:53:49] "GET /crawl/status/21/ HTTP/1.1" 200 153
[14/Dec/2025 18:53:51] "GET /crawl/status/21/ HTTP/1.1" 200 153
[14/Dec/2025 18:53:53] "GET /crawl/status/21/ HTTP/1.1" 200 153
[14/Dec/2025 18:53:55] "GET /crawl/status/21/ HTTP/1.1" 200 153
[14/Dec/2025 18:53:57] "GET /crawl/status/21/ HTTP/1.1" 200 153
[14/Dec/2025 18:53:59] "GET /crawl/status/21/ HTTP/1.1" 200 153
[14/Dec/2025 18:54:01] "GET /crawl/status/21/ HTTP/1.1" 200 153
[14/Dec/2025 18:54:03] "GET /crawl/status/21/ HTTP/1.1" 200 153
[14/Dec/2025 18:54:05] "GET /crawl/status/21/ HTTP/1.1" 200 153
[14/Dec/2025 18:54:07] "GET /crawl/status/21/ HTTP/1.1" 200 153
[14/Dec/2025 18:54:09] "GET /crawl/status/21/ HTTP/1.1" 200 153
[14/Dec/2025 18:54:11] "GET /crawl/status/21/ HTTP/1.1" 200 153
[14/Dec/2025 18:54:13] "GET /crawl/status/21/ HTTP/1.1" 200 153
[14/Dec/2025 18:54:15] "GET /crawl/status/21/ HTTP/1.1" 200 153
[14/Dec/2025 18:54:17] "GET /crawl/status/21/ HTTP/1.1" 200 153
[14/Dec/2025 18:54:19] "GET /crawl/status/21/ HTTP/1.1" 200 153
[14/Dec/2025 18:54:21] "GET /crawl/status/21/ HTTP/1.1" 200 153
[14/Dec/2025 18:54:23] "GET /crawl/status/21/ HTTP/1.1" 200 153
[14/Dec/2025 18:54:25] "GET /crawl/status/21/ HTTP/1.1" 200 153
[14/Dec/2025 18:54:27] "GET /crawl/status/21/ HTTP/1.1" 200 153
[14/Dec/2025 18:54:29] "GET /crawl/status/21/ HTTP/1.1" 200 153
[14/Dec/2025 18:54:31] "GET /crawl/status/21/ HTTP/1.1" 200 153
[14/Dec/2025 18:54:33] "GET /crawl/status/21/ HTTP/1.1" 200 153
[14/Dec/2025 18:54:35] "GET /crawl/status/21/ HTTP/1.1" 200 153
[14/Dec/2025 18:54:37] "GET /crawl/status/21/ HTTP/1.1" 200 153
[14/Dec/2025 18:54:39] "GET /crawl/status/21/ HTTP/1.1" 200 153
[14/Dec/2025 18:54:41] "GET /crawl/status/21/ HTTP/1.1" 200 153
[14/Dec/2025 18:54:43] "GET /crawl/status/21/ HTTP/1.1" 200 153
[14/Dec/2025 18:54:45] "GET /crawl/status/21/ HTTP/1.1" 200 153
[14/Dec/2025 18:54:47] "GET /crawl/status/21/ HTTP/1.1" 200 153
[14/Dec/2025 18:54:49] "GET /crawl/status/21/ HTTP/1.1" 200 153
[14/Dec/2025 18:54:51] "GET /crawl/status/21/ HTTP/1.1" 200 153
[14/Dec/2025 18:54:53] "GET /crawl/status/21/ HTTP/1.1" 200 153
[14/Dec/2025 18:54:55] "GET /crawl/status/21/ HTTP/1.1" 200 153
[14/Dec/2025 18:54:57] "GET /crawl/status/21/ HTTP/1.1" 200 153
[14/Dec/2025 18:54:59] "GET /crawl/status/21/ HTTP/1.1" 200 153
[14/Dec/2025 18:55:01] "GET /crawl/status/21/ HTTP/1.1" 200 153
[14/Dec/2025 18:55:03] "GET /crawl/status/21/ HTTP/1.1" 200 153
[14/Dec/2025 18:55:05] "GET /crawl/status/21/ HTTP/1.1" 200 153
[14/Dec/2025 18:55:07] "GET /crawl/status/21/ HTTP/1.1" 200 153
[14/Dec/2025 18:55:09] "GET /crawl/status/21/ HTTP/1.1" 200 153
[14/Dec/2025 18:55:11] "GET /crawl/status/21/ HTTP/1.1" 200 153
[14/Dec/2025 18:55:13] "GET /crawl/status/21/ HTTP/1.1" 200 153
[14/Dec/2025 18:55:15] "GET /crawl/status/21/ HTTP/1.1" 200 153
[14/Dec/2025 18:55:17] "GET /crawl/status/21/ HTTP/1.1" 200 153
[14/Dec/2025 18:55:19] "GET /crawl/status/21/ HTTP/1.1" 200 153
[14/Dec/2025 18:55:21] "GET /crawl/status/21/ HTTP/1.1" 200 153
[14/Dec/2025 18:55:23] "GET /crawl/status/21/ HTTP/1.1" 200 153
[14/Dec/2025 18:55:25] "GET /crawl/status/21/ HTTP/1.1" 200 153
[14/Dec/2025 18:55:27] "GET /crawl/status/21/ HTTP/1.1" 200 153
[14/Dec/2025 18:55:29] "GET /crawl/status/21/ HTTP/1.1" 200 153
[14/Dec/2025 18:55:31] "GET /crawl/status/21/ HTTP/1.1" 200 153
[14/Dec/2025 18:55:33] "GET /crawl/status/21/ HTTP/1.1" 200 153
[14/Dec/2025 18:55:35] "GET /crawl/status/21/ HTTP/1.1" 200 153
[14/Dec/2025 18:55:37] "GET /crawl/status/21/ HTTP/1.1" 200 153
[14/Dec/2025 18:55:39] "GET /crawl/status/21/ HTTP/1.1" 200 153
[14/Dec/2025 18:55:41] "GET /crawl/status/21/ HTTP/1.1" 200 153
[14/Dec/2025 18:55:43] "GET /crawl/status/21/ HTTP/1.1" 200 153
[14/Dec/2025 18:55:45] "GET /crawl/status/21/ HTTP/1.1" 200 153
[14/Dec/2025 18:55:47] "GET /crawl/status/21/ HTTP/1.1" 200 153
[14/Dec/2025 18:55:49] "GET /crawl/status/21/ HTTP/1.1" 200 153
[14/Dec/2025 18:55:51] "GET /crawl/status/21/ HTTP/1.1" 200 153
[14/Dec/2025 18:55:53] "GET /crawl/status/21/ HTTP/1.1" 200 153
[14/Dec/2025 18:55:55] "GET /crawl/status/21/ HTTP/1.1" 200 153
[14/Dec/2025 18:55:57] "GET /crawl/status/21/ HTTP/1.1" 200 153
[14/Dec/2025 18:55:59] "GET /crawl/status/21/ HTTP/1.1" 200 153
[14/Dec/2025 18:56:01] "GET /crawl/status/21/ HTTP/1.1" 200 153
[14/Dec/2025 18:56:03] "GET /crawl/status/21/ HTTP/1.1" 200 153
[14/Dec/2025 18:56:05] "GET /crawl/status/21/ HTTP/1.1" 200 153
[14/Dec/2025 18:56:07] "GET /crawl/status/21/ HTTP/1.1" 200 153
[14/Dec/2025 18:56:09] "GET /crawl/status/21/ HTTP/1.1" 200 153
[14/Dec/2025 18:56:11] "GET /crawl/status/21/ HTTP/1.1" 200 153
[14/Dec/2025 18:56:12] "GET /?search=&country=&category= HTTP/1.1" 200 53237
Not Found: /.well-known/appspecific/com.chrome.devtools.json
[14/Dec/2025 18:56:12] "GET /.well-known/appspecific/com.chrome.devtools.json HTTP/1.1" 404 4247
[14/Dec/2025 18:56:12] "GET /static/sites/js/crawl_control.js?v=13 HTTP/1.1" 304 0
[14/Dec/2025 18:56:12] "GET /crawl/active-full/ HTTP/1.1" 200 36
[14/Dec/2025 18:56:14] "GET /crawl/status/21/ HTTP/1.1" 200 153
[14/Dec/2025 18:56:16] "GET /crawl/status/21/ HTTP/1.1" 200 153
[14/Dec/2025 18:56:17] "GET /?search=&country=&category= HTTP/1.1" 200 53237
Not Found: /.well-known/appspecific/com.chrome.devtools.json
[14/Dec/2025 18:56:17] "GET /.well-known/appspecific/com.chrome.devtools.json HTTP/1.1" 404 4247
[14/Dec/2025 18:56:18] "GET /crawl/active-full/ HTTP/1.1" 200 36
[14/Dec/2025 18:56:20] "GET /crawl/status/21/ HTTP/1.1" 200 153
[14/Dec/2025 18:56:22] "GET /crawl/status/21/ HTTP/1.1" 200 153
[14/Dec/2025 18:56:24] "GET /crawl/status/21/ HTTP/1.1" 200 153
[14/Dec/2025 18:56:26] "GET /crawl/status/21/ HTTP/1.1" 200 153
[14/Dec/2025 18:56:28] "GET /crawl/status/21/ HTTP/1.1" 200 153
[14/Dec/2025 18:56:30] "GET /crawl/status/21/ HTTP/1.1" 200 153
[14/Dec/2025 18:56:32] "GET /crawl/status/21/ HTTP/1.1" 200 153
[14/Dec/2025 18:56:34] "GET /crawl/status/21/ HTTP/1.1" 200 153
[14/Dec/2025 18:56:36] "GET /crawl/status/21/ HTTP/1.1" 200 153
[14/Dec/2025 18:56:38] "GET /crawl/status/21/ HTTP/1.1" 200 153
[14/Dec/2025 18:56:40] "GET /crawl/status/21/ HTTP/1.1" 200 153
[14/Dec/2025 18:56:42] "GET /crawl/status/21/ HTTP/1.1" 200 153
[14/Dec/2025 18:56:44] "GET /crawl/status/21/ HTTP/1.1" 200 153
[14/Dec/2025 18:56:46] "GET /crawl/status/21/ HTTP/1.1" 200 153
[14/Dec/2025 18:56:48] "GET /crawl/status/21/ HTTP/1.1" 200 153
[14/Dec/2025 18:56:50] "GET /crawl/status/21/ HTTP/1.1" 200 153
[14/Dec/2025 18:56:52] "GET /crawl/status/21/ HTTP/1.1" 200 153
[14/Dec/2025 18:56:54] "GET /crawl/status/21/ HTTP/1.1" 200 153
[14/Dec/2025 18:56:56] "GET /crawl/status/21/ HTTP/1.1" 200 153
[14/Dec/2025 18:56:58] "GET /crawl/status/21/ HTTP/1.1" 200 153
[14/Dec/2025 18:57:00] "GET /crawl/status/21/ HTTP/1.1" 200 153
[14/Dec/2025 18:57:02] "GET /crawl/status/21/ HTTP/1.1" 200 153
[14/Dec/2025 18:57:04] "GET /crawl/status/21/ HTTP/1.1" 200 153
[14/Dec/2025 18:57:06] "GET /crawl/status/21/ HTTP/1.1" 200 153
[14/Dec/2025 18:57:08] "GET /crawl/status/21/ HTTP/1.1" 200 153
[14/Dec/2025 18:57:10] "GET /crawl/status/21/ HTTP/1.1" 200 153
[14/Dec/2025 18:57:12] "GET /crawl/status/21/ HTTP/1.1" 200 153
[14/Dec/2025 18:57:14] "GET /crawl/status/21/ HTTP/1.1" 200 153
[14/Dec/2025 18:57:16] "GET /crawl/status/21/ HTTP/1.1" 200 153
[14/Dec/2025 18:57:18] "GET /crawl/status/21/ HTTP/1.1" 200 153
[14/Dec/2025 18:57:20] "GET /crawl/status/21/ HTTP/1.1" 200 153
[14/Dec/2025 18:57:22] "GET /crawl/status/21/ HTTP/1.1" 200 153
[14/Dec/2025 18:57:24] "GET /crawl/status/21/ HTTP/1.1" 200 153
[14/Dec/2025 18:57:26] "GET /crawl/status/21/ HTTP/1.1" 200 153
[14/Dec/2025 18:57:28] "GET /crawl/status/21/ HTTP/1.1" 200 153
[14/Dec/2025 18:57:30] "GET /crawl/status/21/ HTTP/1.1" 200 153
[14/Dec/2025 18:57:32] "GET /crawl/status/21/ HTTP/1.1" 200 153
[14/Dec/2025 18:57:34] "GET /crawl/status/21/ HTTP/1.1" 200 153
[14/Dec/2025 18:57:36] "GET /crawl/status/21/ HTTP/1.1" 200 153
[14/Dec/2025 18:57:38] "GET /crawl/status/21/ HTTP/1.1" 200 153
[14/Dec/2025 18:57:40] "GET /crawl/status/21/ HTTP/1.1" 200 153
[14/Dec/2025 18:57:42] "GET /crawl/status/21/ HTTP/1.1" 200 153
[14/Dec/2025 18:57:44] "GET /crawl/status/21/ HTTP/1.1" 200 153
[14/Dec/2025 18:57:46] "GET /crawl/status/21/ HTTP/1.1" 200 153
[14/Dec/2025 18:57:48] "GET /crawl/status/21/ HTTP/1.1" 200 153
[14/Dec/2025 18:57:50] "GET /crawl/status/21/ HTTP/1.1" 200 153
[14/Dec/2025 18:57:52] "GET /crawl/status/21/ HTTP/1.1" 200 153
[14/Dec/2025 18:57:54] "GET /crawl/status/21/ HTTP/1.1" 200 153
[14/Dec/2025 18:57:56] "GET /crawl/status/21/ HTTP/1.1" 200 153
[14/Dec/2025 18:57:58] "GET /crawl/status/21/ HTTP/1.1" 200 153
[14/Dec/2025 18:58:00] "GET /crawl/status/21/ HTTP/1.1" 200 153
[14/Dec/2025 18:58:02] "GET /crawl/status/21/ HTTP/1.1" 200 153
[14/Dec/2025 18:58:04] "GET /crawl/status/21/ HTTP/1.1" 200 153
[14/Dec/2025 18:58:06] "GET /crawl/status/21/ HTTP/1.1" 200 153
[14/Dec/2025 18:58:08] "GET /crawl/status/21/ HTTP/1.1" 200 153
[14/Dec/2025 18:58:10] "GET /crawl/status/21/ HTTP/1.1" 200 153
[14/Dec/2025 18:58:12] "GET /crawl/status/21/ HTTP/1.1" 200 153
[14/Dec/2025 18:58:14] "GET /crawl/status/21/ HTTP/1.1" 200 153
[14/Dec/2025 18:58:16] "GET /crawl/status/21/ HTTP/1.1" 200 153
[14/Dec/2025 18:58:18] "GET /crawl/status/21/ HTTP/1.1" 200 153
[14/Dec/2025 18:58:20] "GET /crawl/status/21/ HTTP/1.1" 200 153
[14/Dec/2025 18:58:22] "GET /crawl/status/21/ HTTP/1.1" 200 153
[14/Dec/2025 18:58:24] "GET /crawl/status/21/ HTTP/1.1" 200 153
[14/Dec/2025 18:58:26] "GET /crawl/status/21/ HTTP/1.1" 200 153
[14/Dec/2025 18:58:28] "GET /crawl/status/21/ HTTP/1.1" 200 153
[14/Dec/2025 18:58:30] "GET /crawl/status/21/ HTTP/1.1" 200 153
[14/Dec/2025 18:58:32] "GET /crawl/status/21/ HTTP/1.1" 200 153
[14/Dec/2025 18:58:34] "GET /crawl/status/21/ HTTP/1.1" 200 153
[14/Dec/2025 18:58:36] "GET /crawl/status/21/ HTTP/1.1" 200 153
[14/Dec/2025 18:58:38] "GET /crawl/status/21/ HTTP/1.1" 200 153
[14/Dec/2025 18:58:40] "GET /crawl/status/21/ HTTP/1.1" 200 153
[14/Dec/2025 18:58:42] "GET /crawl/status/21/ HTTP/1.1" 200 153
[14/Dec/2025 18:58:44] "GET /crawl/status/21/ HTTP/1.1" 200 153
[14/Dec/2025 18:58:46] "GET /crawl/status/21/ HTTP/1.1" 200 153
[14/Dec/2025 18:58:48] "GET /crawl/status/21/ HTTP/1.1" 200 153
[14/Dec/2025 18:58:50] "GET /crawl/status/21/ HTTP/1.1" 200 153
[14/Dec/2025 18:58:52] "GET /crawl/status/21/ HTTP/1.1" 200 153
[14/Dec/2025 18:58:54] "GET /crawl/status/21/ HTTP/1.1" 200 153
[14/Dec/2025 18:58:56] "GET /crawl/status/21/ HTTP/1.1" 200 153
[14/Dec/2025 18:58:58] "GET /crawl/status/21/ HTTP/1.1" 200 153
[14/Dec/2025 18:59:00] "GET /crawl/status/21/ HTTP/1.1" 200 153
[14/Dec/2025 18:59:02] "GET /crawl/status/21/ HTTP/1.1" 200 153
[14/Dec/2025 18:59:04] "GET /crawl/status/21/ HTTP/1.1" 200 153
[14/Dec/2025 18:59:06] "GET /crawl/status/21/ HTTP/1.1" 200 153
[14/Dec/2025 18:59:10] "GET /crawl/status/21/ HTTP/1.1" 200 153
[14/Dec/2025 18:59:10] "GET /crawl/status/21/ HTTP/1.1" 200 153
[14/Dec/2025 18:59:12] "GET /crawl/status/21/ HTTP/1.1" 200 153
[14/Dec/2025 18:59:14] "GET /crawl/status/21/ HTTP/1.1" 200 153
[14/Dec/2025 18:59:16] "GET /crawl/status/21/ HTTP/1.1" 200 153
[14/Dec/2025 18:59:18] "GET /crawl/status/21/ HTTP/1.1" 200 153
[14/Dec/2025 18:59:20] "GET /crawl/status/21/ HTTP/1.1" 200 153
[14/Dec/2025 18:59:22] "GET /crawl/status/21/ HTTP/1.1" 200 153
[14/Dec/2025 18:59:24] "GET /crawl/status/21/ HTTP/1.1" 200 153
[14/Dec/2025 18:59:26] "GET /crawl/status/21/ HTTP/1.1" 200 153
[14/Dec/2025 18:59:28] "GET /crawl/status/21/ HTTP/1.1" 200 153
[14/Dec/2025 18:59:30] "GET /crawl/status/21/ HTTP/1.1" 200 153
[14/Dec/2025 18:59:32] "GET /crawl/status/21/ HTTP/1.1" 200 153
[14/Dec/2025 18:59:34] "GET /crawl/status/21/ HTTP/1.1" 200 153
[14/Dec/2025 18:59:36] "GET /crawl/status/21/ HTTP/1.1" 200 153
[14/Dec/2025 18:59:38] "GET /crawl/status/21/ HTTP/1.1" 200 153
[14/Dec/2025 18:59:40] "GET /crawl/status/21/ HTTP/1.1" 200 153
[14/Dec/2025 18:59:42] "GET /crawl/status/21/ HTTP/1.1" 200 153
[14/Dec/2025 18:59:44] "GET /crawl/status/21/ HTTP/1.1" 200 153
[14/Dec/2025 18:59:46] "GET /crawl/status/21/ HTTP/1.1" 200 153
[14/Dec/2025 18:59:48] "GET /crawl/status/21/ HTTP/1.1" 200 153
[14/Dec/2025 18:59:50] "GET /crawl/status/21/ HTTP/1.1" 200 153
[14/Dec/2025 18:59:52] "GET /crawl/status/21/ HTTP/1.1" 200 153
[14/Dec/2025 18:59:54] "GET /crawl/status/21/ HTTP/1.1" 200 153
[14/Dec/2025 18:59:56] "GET /crawl/status/21/ HTTP/1.1" 200 153
[14/Dec/2025 18:59:58] "GET /crawl/status/21/ HTTP/1.1" 200 153
[14/Dec/2025 19:00:00] "GET /crawl/status/21/ HTTP/1.1" 200 153
[14/Dec/2025 19:00:02] "GET /crawl/status/21/ HTTP/1.1" 200 153
[14/Dec/2025 19:00:04] "GET /crawl/status/21/ HTTP/1.1" 200 153
[14/Dec/2025 19:00:06] "GET /crawl/status/21/ HTTP/1.1" 200 153
[14/Dec/2025 19:00:08] "GET /crawl/status/21/ HTTP/1.1" 200 153
[14/Dec/2025 19:00:10] "GET /crawl/status/21/ HTTP/1.1" 200 153
[14/Dec/2025 19:00:12] "GET /crawl/status/21/ HTTP/1.1" 200 153
[14/Dec/2025 19:00:14] "GET /crawl/status/21/ HTTP/1.1" 200 153
[14/Dec/2025 19:00:16] "GET /crawl/status/21/ HTTP/1.1" 200 153
[14/Dec/2025 19:00:18] "GET /crawl/status/21/ HTTP/1.1" 200 153
[14/Dec/2025 19:00:20] "GET /crawl/status/21/ HTTP/1.1" 200 153
[14/Dec/2025 19:00:22] "GET /crawl/status/21/ HTTP/1.1" 200 153
[14/Dec/2025 19:00:24] "GET /crawl/status/21/ HTTP/1.1" 200 153
[14/Dec/2025 19:00:26] "GET /crawl/status/21/ HTTP/1.1" 200 153
[14/Dec/2025 19:00:28] "GET /crawl/status/21/ HTTP/1.1" 200 153
[14/Dec/2025 19:00:30] "GET /crawl/status/21/ HTTP/1.1" 200 153
[14/Dec/2025 19:00:32] "GET /crawl/status/21/ HTTP/1.1" 200 153
[14/Dec/2025 19:00:34] "GET /crawl/status/21/ HTTP/1.1" 200 153
[14/Dec/2025 19:00:36] "GET /crawl/status/21/ HTTP/1.1" 200 153
[14/Dec/2025 19:00:38] "GET /crawl/status/21/ HTTP/1.1" 200 153
[14/Dec/2025 19:00:40] "GET /crawl/status/21/ HTTP/1.1" 200 153
[14/Dec/2025 19:00:42] "GET /crawl/status/21/ HTTP/1.1" 200 153
[14/Dec/2025 19:00:44] "GET /crawl/status/21/ HTTP/1.1" 200 153
[14/Dec/2025 19:00:46] "GET /crawl/status/21/ HTTP/1.1" 200 153
[14/Dec/2025 19:00:48] "GET /crawl/status/21/ HTTP/1.1" 200 153
[14/Dec/2025 19:00:50] "GET /crawl/status/21/ HTTP/1.1" 200 153
[14/Dec/2025 19:00:52] "GET /crawl/status/21/ HTTP/1.1" 200 153
[14/Dec/2025 19:00:54] "GET /crawl/status/21/ HTTP/1.1" 200 153
[14/Dec/2025 19:00:56] "GET /crawl/status/21/ HTTP/1.1" 200 153
[14/Dec/2025 19:00:58] "GET /crawl/status/21/ HTTP/1.1" 200 153
[14/Dec/2025 19:01:00] "GET /crawl/status/21/ HTTP/1.1" 200 153
[14/Dec/2025 19:01:02] "GET /crawl/status/21/ HTTP/1.1" 200 153
[14/Dec/2025 19:01:04] "GET /crawl/status/21/ HTTP/1.1" 200 153
[14/Dec/2025 19:01:06] "GET /crawl/status/21/ HTTP/1.1" 200 153
[14/Dec/2025 19:01:08] "GET /crawl/status/21/ HTTP/1.1" 200 153
[14/Dec/2025 19:01:10] "GET /crawl/status/21/ HTTP/1.1" 200 153
[14/Dec/2025 19:01:12] "GET /crawl/status/21/ HTTP/1.1" 200 153
[14/Dec/2025 19:01:14] "GET /crawl/status/21/ HTTP/1.1" 200 153
[14/Dec/2025 19:01:16] "GET /crawl/status/21/ HTTP/1.1" 200 153
[14/Dec/2025 19:01:18] "GET /crawl/status/21/ HTTP/1.1" 200 153
[14/Dec/2025 19:01:20] "GET /crawl/status/21/ HTTP/1.1" 200 153
[14/Dec/2025 19:01:22] "GET /crawl/status/21/ HTTP/1.1" 200 153
[14/Dec/2025 19:01:24] "GET /crawl/status/21/ HTTP/1.1" 200 153
[14/Dec/2025 19:01:26] "GET /crawl/status/21/ HTTP/1.1" 200 153
[14/Dec/2025 19:01:28] "GET /crawl/status/21/ HTTP/1.1" 200 153
[14/Dec/2025 19:01:30] "GET /crawl/status/21/ HTTP/1.1" 200 153
[14/Dec/2025 19:01:32] "GET /crawl/status/21/ HTTP/1.1" 200 153
[14/Dec/2025 19:01:34] "GET /crawl/status/21/ HTTP/1.1" 200 153
[14/Dec/2025 19:01:36] "GET /crawl/status/21/ HTTP/1.1" 200 153
[14/Dec/2025 19:01:38] "GET /crawl/status/21/ HTTP/1.1" 200 153
[14/Dec/2025 19:01:40] "GET /crawl/status/21/ HTTP/1.1" 200 153
[14/Dec/2025 19:01:42] "GET /crawl/status/21/ HTTP/1.1" 200 153
[14/Dec/2025 19:01:44] "GET /crawl/status/21/ HTTP/1.1" 200 153
[14/Dec/2025 19:01:46] "GET /crawl/status/21/ HTTP/1.1" 200 153
[14/Dec/2025 19:01:48] "GET /crawl/status/21/ HTTP/1.1" 200 153
[14/Dec/2025 19:01:50] "GET /crawl/status/21/ HTTP/1.1" 200 153
[14/Dec/2025 19:01:52] "GET /crawl/status/21/ HTTP/1.1" 200 153
[14/Dec/2025 19:01:54] "GET /crawl/status/21/ HTTP/1.1" 200 153
[14/Dec/2025 19:01:56] "GET /crawl/status/21/ HTTP/1.1" 200 153
[14/Dec/2025 19:01:58] "GET /crawl/status/21/ HTTP/1.1" 200 153
[14/Dec/2025 19:02:00] "GET /crawl/status/21/ HTTP/1.1" 200 153
[14/Dec/2025 19:02:02] "GET /crawl/status/21/ HTTP/1.1" 200 153
[14/Dec/2025 19:02:04] "GET /crawl/status/21/ HTTP/1.1" 200 153
[14/Dec/2025 19:02:06] "GET /crawl/status/21/ HTTP/1.1" 200 153
[14/Dec/2025 19:02:08] "GET /crawl/status/21/ HTTP/1.1" 200 153
[14/Dec/2025 19:02:10] "GET /crawl/status/21/ HTTP/1.1" 200 153
[14/Dec/2025 19:02:12] "GET /crawl/status/21/ HTTP/1.1" 200 153
[14/Dec/2025 19:02:14] "GET /crawl/status/21/ HTTP/1.1" 200 153
[14/Dec/2025 19:02:16] "GET /crawl/status/21/ HTTP/1.1" 200 153
[14/Dec/2025 19:02:18] "GET /crawl/status/21/ HTTP/1.1" 200 153
[14/Dec/2025 19:02:20] "GET /crawl/status/21/ HTTP/1.1" 200 153
[14/Dec/2025 19:02:22] "GET /crawl/status/21/ HTTP/1.1" 200 153
[14/Dec/2025 19:02:24] "GET /crawl/status/21/ HTTP/1.1" 200 153
[14/Dec/2025 19:02:26] "GET /crawl/status/21/ HTTP/1.1" 200 153
[14/Dec/2025 19:02:28] "GET /crawl/status/21/ HTTP/1.1" 200 153
[14/Dec/2025 19:02:30] "GET /crawl/status/21/ HTTP/1.1" 200 153
[14/Dec/2025 19:02:32] "GET /crawl/status/21/ HTTP/1.1" 200 153
[14/Dec/2025 19:02:34] "GET /crawl/status/21/ HTTP/1.1" 200 153
[14/Dec/2025 19:02:36] "GET /crawl/status/21/ HTTP/1.1" 200 153
[14/Dec/2025 19:02:38] "GET /crawl/status/21/ HTTP/1.1" 200 153
[14/Dec/2025 19:02:40] "GET /crawl/status/21/ HTTP/1.1" 200 153
[14/Dec/2025 19:02:42] "GET /crawl/status/21/ HTTP/1.1" 200 153
[14/Dec/2025 19:02:44] "GET /crawl/status/21/ HTTP/1.1" 200 153
[14/Dec/2025 19:02:46] "GET /crawl/status/21/ HTTP/1.1" 200 153
[14/Dec/2025 19:02:48] "GET /crawl/status/21/ HTTP/1.1" 200 153
[14/Dec/2025 19:02:50] "GET /crawl/status/21/ HTTP/1.1" 200 153
[14/Dec/2025 19:02:52] "GET /crawl/status/21/ HTTP/1.1" 200 153
[14/Dec/2025 19:02:54] "GET /crawl/status/21/ HTTP/1.1" 200 153
[14/Dec/2025 19:02:56] "GET /crawl/status/21/ HTTP/1.1" 200 153
[14/Dec/2025 19:02:58] "GET /crawl/status/21/ HTTP/1.1" 200 153
[14/Dec/2025 19:03:00] "GET /crawl/status/21/ HTTP/1.1" 200 153
[14/Dec/2025 19:03:02] "GET /crawl/status/21/ HTTP/1.1" 200 153
[14/Dec/2025 19:03:04] "GET /crawl/status/21/ HTTP/1.1" 200 153
[14/Dec/2025 19:03:06] "GET /crawl/status/21/ HTTP/1.1" 200 153
[14/Dec/2025 19:03:08] "GET /crawl/status/21/ HTTP/1.1" 200 153
[14/Dec/2025 19:03:10] "GET /crawl/status/21/ HTTP/1.1" 200 153
[14/Dec/2025 19:03:12] "GET /crawl/status/21/ HTTP/1.1" 200 153
[14/Dec/2025 19:03:14] "GET /crawl/status/21/ HTTP/1.1" 200 153
[14/Dec/2025 19:03:16] "GET /crawl/status/21/ HTTP/1.1" 200 153
[14/Dec/2025 19:03:18] "GET /crawl/status/21/ HTTP/1.1" 200 153
[14/Dec/2025 19:03:20] "GET /crawl/status/21/ HTTP/1.1" 200 153
[14/Dec/2025 19:03:22] "GET /crawl/status/21/ HTTP/1.1" 200 153
[14/Dec/2025 19:03:24] "GET /crawl/status/21/ HTTP/1.1" 200 153
[14/Dec/2025 19:03:26] "GET /crawl/status/21/ HTTP/1.1" 200 153
[14/Dec/2025 19:03:28] "GET /crawl/status/21/ HTTP/1.1" 200 153
[14/Dec/2025 19:03:30] "GET /crawl/status/21/ HTTP/1.1" 200 153
[14/Dec/2025 19:03:32] "GET /crawl/status/21/ HTTP/1.1" 200 153
[14/Dec/2025 19:03:34] "GET /crawl/status/21/ HTTP/1.1" 200 153
[14/Dec/2025 19:03:36] "GET /crawl/status/21/ HTTP/1.1" 200 153
[14/Dec/2025 19:03:38] "GET /crawl/status/21/ HTTP/1.1" 200 153
[14/Dec/2025 19:03:40] "GET /crawl/status/21/ HTTP/1.1" 200 153
[14/Dec/2025 19:03:42] "GET /crawl/status/21/ HTTP/1.1" 200 153
[14/Dec/2025 19:03:44] "GET /crawl/status/21/ HTTP/1.1" 200 153
[14/Dec/2025 19:03:46] "GET /crawl/status/21/ HTTP/1.1" 200 153
[14/Dec/2025 19:03:48] "GET /crawl/status/21/ HTTP/1.1" 200 153
[14/Dec/2025 19:03:50] "GET /crawl/status/21/ HTTP/1.1" 200 153
[14/Dec/2025 19:03:52] "GET /crawl/status/21/ HTTP/1.1" 200 153
[14/Dec/2025 19:03:54] "GET /crawl/status/21/ HTTP/1.1" 200 153
[14/Dec/2025 19:03:56] "GET /crawl/status/21/ HTTP/1.1" 200 153
[14/Dec/2025 19:03:58] "GET /crawl/status/21/ HTTP/1.1" 200 153
[14/Dec/2025 19:04:00] "GET /crawl/status/21/ HTTP/1.1" 200 153
[14/Dec/2025 19:04:02] "GET /crawl/status/21/ HTTP/1.1" 200 153
[14/Dec/2025 19:04:04] "GET /crawl/status/21/ HTTP/1.1" 200 153
[14/Dec/2025 19:04:06] "GET /crawl/status/21/ HTTP/1.1" 200 153
[14/Dec/2025 19:04:08] "GET /crawl/status/21/ HTTP/1.1" 200 153
[14/Dec/2025 19:04:10] "GET /crawl/status/21/ HTTP/1.1" 200 153
[14/Dec/2025 19:04:12] "GET /crawl/status/21/ HTTP/1.1" 200 153
[14/Dec/2025 19:04:14] "GET /crawl/status/21/ HTTP/1.1" 200 153
[14/Dec/2025 19:04:16] "GET /crawl/status/21/ HTTP/1.1" 200 153
[14/Dec/2025 19:04:18] "GET /crawl/status/21/ HTTP/1.1" 200 153
[14/Dec/2025 19:04:20] "GET /crawl/status/21/ HTTP/1.1" 200 153
[14/Dec/2025 19:04:22] "GET /crawl/status/21/ HTTP/1.1" 200 153
[14/Dec/2025 19:04:24] "GET /crawl/status/21/ HTTP/1.1" 200 153
[14/Dec/2025 19:04:26] "GET /crawl/status/21/ HTTP/1.1" 200 153
[14/Dec/2025 19:04:28] "GET /crawl/status/21/ HTTP/1.1" 200 153
[14/Dec/2025 19:04:30] "GET /crawl/status/21/ HTTP/1.1" 200 153
[14/Dec/2025 19:04:32] "GET /crawl/status/21/ HTTP/1.1" 200 153
[14/Dec/2025 19:04:34] "GET /crawl/status/21/ HTTP/1.1" 200 153
[14/Dec/2025 19:04:36] "GET /crawl/status/21/ HTTP/1.1" 200 153
[14/Dec/2025 19:04:38] "GET /crawl/status/21/ HTTP/1.1" 200 153
[14/Dec/2025 19:04:40] "GET /crawl/status/21/ HTTP/1.1" 200 153
[14/Dec/2025 19:04:42] "GET /crawl/status/21/ HTTP/1.1" 200 153
[14/Dec/2025 19:04:44] "GET /crawl/status/21/ HTTP/1.1" 200 153
[14/Dec/2025 19:04:46] "GET /crawl/status/21/ HTTP/1.1" 200 153
[14/Dec/2025 19:04:48] "GET /crawl/status/21/ HTTP/1.1" 200 153
[14/Dec/2025 19:04:50] "GET /crawl/status/21/ HTTP/1.1" 200 153
[14/Dec/2025 19:04:52] "GET /crawl/status/21/ HTTP/1.1" 200 153
[14/Dec/2025 19:04:54] "GET /crawl/status/21/ HTTP/1.1" 200 153
[14/Dec/2025 19:04:56] "GET /crawl/status/21/ HTTP/1.1" 200 153
[14/Dec/2025 19:04:58] "GET /crawl/status/21/ HTTP/1.1" 200 153
[14/Dec/2025 19:05:00] "GET /crawl/status/21/ HTTP/1.1" 200 153
[14/Dec/2025 19:05:02] "GET /crawl/status/21/ HTTP/1.1" 200 153
[14/Dec/2025 19:05:04] "GET /crawl/status/21/ HTTP/1.1" 200 153
[14/Dec/2025 19:05:06] "GET /crawl/status/21/ HTTP/1.1" 200 153
[14/Dec/2025 19:05:08] "GET /crawl/status/21/ HTTP/1.1" 200 153
[14/Dec/2025 19:05:10] "GET /crawl/status/21/ HTTP/1.1" 200 153
[14/Dec/2025 19:05:12] "GET /crawl/status/21/ HTTP/1.1" 200 153
[14/Dec/2025 19:05:14] "GET /crawl/status/21/ HTTP/1.1" 200 153
[14/Dec/2025 19:05:16] "GET /crawl/status/21/ HTTP/1.1" 200 153
[14/Dec/2025 19:05:18] "GET /crawl/status/21/ HTTP/1.1" 200 153
[14/Dec/2025 19:05:20] "GET /crawl/status/21/ HTTP/1.1" 200 153
[14/Dec/2025 19:05:22] "GET /crawl/status/21/ HTTP/1.1" 200 153
[14/Dec/2025 19:05:24] "GET /crawl/status/21/ HTTP/1.1" 200 153
[14/Dec/2025 19:05:26] "GET /crawl/status/21/ HTTP/1.1" 200 153
[14/Dec/2025 19:05:28] "GET /crawl/status/21/ HTTP/1.1" 200 153
[14/Dec/2025 19:05:30] "GET /crawl/status/21/ HTTP/1.1" 200 153
[14/Dec/2025 19:05:32] "GET /crawl/status/21/ HTTP/1.1" 200 153
[14/Dec/2025 19:05:34] "GET /crawl/status/21/ HTTP/1.1" 200 153
[14/Dec/2025 19:05:36] "GET /crawl/status/21/ HTTP/1.1" 200 153
[14/Dec/2025 19:05:38] "GET /crawl/status/21/ HTTP/1.1" 200 153
[14/Dec/2025 19:05:40] "GET /crawl/status/21/ HTTP/1.1" 200 153
[14/Dec/2025 19:05:42] "GET /crawl/status/21/ HTTP/1.1" 200 153
[14/Dec/2025 19:05:44] "GET /crawl/status/21/ HTTP/1.1" 200 153
[14/Dec/2025 19:05:46] "GET /crawl/status/21/ HTTP/1.1" 200 153
[14/Dec/2025 19:05:48] "GET /crawl/status/21/ HTTP/1.1" 200 153
[14/Dec/2025 19:05:50] "GET /crawl/status/21/ HTTP/1.1" 200 153
[14/Dec/2025 19:05:52] "GET /crawl/status/21/ HTTP/1.1" 200 153
[14/Dec/2025 19:05:54] "GET /crawl/status/21/ HTTP/1.1" 200 153
[14/Dec/2025 19:05:56] "GET /crawl/status/21/ HTTP/1.1" 200 153
[14/Dec/2025 19:05:58] "GET /crawl/status/21/ HTTP/1.1" 200 153
[14/Dec/2025 19:06:00] "GET /crawl/status/21/ HTTP/1.1" 200 153
[14/Dec/2025 19:06:02] "GET /crawl/status/21/ HTTP/1.1" 200 153
[14/Dec/2025 19:06:04] "GET /crawl/status/21/ HTTP/1.1" 200 153
[14/Dec/2025 19:06:06] "GET /crawl/status/21/ HTTP/1.1" 200 153
[14/Dec/2025 19:06:08] "GET /crawl/status/21/ HTTP/1.1" 200 153
[14/Dec/2025 19:06:10] "GET /crawl/status/21/ HTTP/1.1" 200 153
[14/Dec/2025 19:06:12] "GET /crawl/status/21/ HTTP/1.1" 200 153
[14/Dec/2025 19:06:14] "GET /crawl/status/21/ HTTP/1.1" 200 153
[14/Dec/2025 19:06:16] "GET /crawl/status/21/ HTTP/1.1" 200 153
[14/Dec/2025 19:06:18] "GET /crawl/status/21/ HTTP/1.1" 200 153
[14/Dec/2025 19:06:20] "GET /crawl/status/21/ HTTP/1.1" 200 153
[14/Dec/2025 19:06:22] "GET /crawl/status/21/ HTTP/1.1" 200 153
[14/Dec/2025 19:06:24] "GET /crawl/status/21/ HTTP/1.1" 200 153
[14/Dec/2025 19:06:26] "GET /crawl/status/21/ HTTP/1.1" 200 153
[14/Dec/2025 19:06:28] "GET /crawl/status/21/ HTTP/1.1" 200 153
[14/Dec/2025 19:06:30] "GET /crawl/status/21/ HTTP/1.1" 200 153
[14/Dec/2025 19:06:32] "GET /crawl/status/21/ HTTP/1.1" 200 153
[14/Dec/2025 19:06:34] "GET /crawl/status/21/ HTTP/1.1" 200 153
[14/Dec/2025 19:06:36] "GET /crawl/status/21/ HTTP/1.1" 200 153
[14/Dec/2025 19:06:38] "GET /crawl/status/21/ HTTP/1.1" 200 153
[14/Dec/2025 19:06:40] "GET /crawl/status/21/ HTTP/1.1" 200 153
[14/Dec/2025 19:06:42] "GET /crawl/status/21/ HTTP/1.1" 200 153
[14/Dec/2025 19:06:44] "GET /crawl/status/21/ HTTP/1.1" 200 153
[14/Dec/2025 19:06:46] "GET /crawl/status/21/ HTTP/1.1" 200 153
/home/bai/project/heritage_display/heritage_display/settings.py changed, reloading.
Performing system checks...

System check identified no issues (0 silenced).
December 14, 2025 - 18:35:46
Django version 6.0, using settings 'heritage_display.settings'
Starting development server at http://0.0.0.0:8000/
Quit the server with CONTROL-C.

WARNING: This is a development server. Do not use it in a production setting. Use a production WSGI or ASGI server instead.
For more information on production servers see: https://docs.djangoproject.com/en/6.0/howto/deployment/
Traceback (most recent call last):
  File "/home/bai/project/heritage_display/manage.py", line 22, in <module>
    main()
    ~~~~^^
  File "/home/bai/project/heritage_display/manage.py", line 18, in main
    execute_from_command_line(sys.argv)
    ~~~~~~~~~~~~~~~~~~~~~~~~~^^^^^^^^^^
  File "/home/bai/project/.venv/lib64/python3.14/site-packages/django/core/management/__init__.py", line 443, in execute_from_command_line
    utility.execute()
    ~~~~~~~~~~~~~~~^^
  File "/home/bai/project/.venv/lib64/python3.14/site-packages/django/core/management/__init__.py", line 383, in execute
    settings.INSTALLED_APPS
  File "/home/bai/project/.venv/lib64/python3.14/site-packages/django/conf/__init__.py", line 75, in __getattr__
    self._setup(name)
    ~~~~~~~~~~~^^^^^^
  File "/home/bai/project/.venv/lib64/python3.14/site-packages/django/conf/__init__.py", line 62, in _setup
    self._wrapped = Settings(settings_module)
                    ~~~~~~~~^^^^^^^^^^^^^^^^^
  File "/home/bai/project/.venv/lib64/python3.14/site-packages/django/conf/__init__.py", line 162, in __init__
    mod = importlib.import_module(self.SETTINGS_MODULE)
  File "/usr/lib64/python3.14/importlib/__init__.py", line 88, in import_module
    return _bootstrap._gcd_import(name[level:], package, level)
           ~~~~~~~~~~~~~~~~~~~~~~^^^^^^^^^^^^^^^^^^^^^^^^^^^^^^
  File "<frozen importlib._bootstrap>", line 1398, in _gcd_import
  File "<frozen importlib._bootstrap>", line 1371, in _find_and_load
  File "<frozen importlib._bootstrap>", line 1342, in _find_and_load_unlocked
  File "<frozen importlib._bootstrap>", line 938, in _load_unlocked
  File "<frozen importlib._bootstrap_external>", line 759, in exec_module
  File "<frozen importlib._bootstrap>", line 491, in _call_with_frames_removed
  File "/home/bai/project/heritage_display/heritage_display/settings.py", line 19, in <module>
    BASE_DIR = Path(__file__).resolve().parent.parent
               ^^^^
NameError: name 'Path' is not defined
